<?xml version="1.0" encoding="UTF-8"?>
<testng-results skipped="0" failed="0" ignored="0" total="1" passed="1">
  <reporter-output>
  </reporter-output>
  <suite name="Default suite" duration-ms="17559" started-at="2017-07-26T10:20:20Z" finished-at="2017-07-26T10:20:37Z">
    <groups>
    </groups>
    <test name="Default test" duration-ms="17559" started-at="2017-07-26T10:20:20Z" finished-at="2017-07-26T10:20:37Z">
      <class name="Test.ExcelLoginTest">
        <test-method status="PASS" signature="ExcelLogin()[pri:0, instance:Test.ExcelLoginTest@59f99ea]" name="ExcelLogin" duration-ms="17535" started-at="2017-07-26T15:50:20Z" finished-at="2017-07-26T15:50:37Z">
          <reporter-output>
          </reporter-output>
        </test-method> <!-- ExcelLogin -->
      </class> <!-- Test.ExcelLoginTest -->
    </test> <!-- Default test -->
  </suite> <!-- Default suite -->
</testng-results>
