<?xml version="1.0" encoding="UTF-8"?>
<testng-results skipped="0" failed="0" ignored="0" total="1" passed="1">
  <reporter-output>
  </reporter-output>
  <suite name="Default suite" duration-ms="18363" started-at="2017-07-11T04:24:02Z" finished-at="2017-07-11T04:24:20Z">
    <groups>
    </groups>
    <test name="Default test" duration-ms="18363" started-at="2017-07-11T04:24:02Z" finished-at="2017-07-11T04:24:20Z">
      <class name="Test.NewTest">
        <test-method status="PASS" signature="beforeTest()[pri:0, instance:Test.NewTest@66a3ffec]" name="beforeTest" is-config="true" duration-ms="14919" started-at="2017-07-11T09:54:02Z" finished-at="2017-07-11T09:54:17Z">
          <reporter-output>
          </reporter-output>
        </test-method> <!-- beforeTest -->
        <test-method status="PASS" signature="f()[pri:0, instance:Test.NewTest@66a3ffec]" name="f" duration-ms="3345" started-at="2017-07-11T09:54:17Z" finished-at="2017-07-11T09:54:20Z">
          <reporter-output>
          </reporter-output>
        </test-method> <!-- f -->
        <test-method status="PASS" signature="afterTest()[pri:0, instance:Test.NewTest@66a3ffec]" name="afterTest" is-config="true" duration-ms="11" started-at="2017-07-11T09:54:20Z" finished-at="2017-07-11T09:54:20Z">
          <reporter-output>
          </reporter-output>
        </test-method> <!-- afterTest -->
      </class> <!-- Test.NewTest -->
    </test> <!-- Default test -->
  </suite> <!-- Default suite -->
</testng-results>
